INFO  [alembic.runtime.migration] Context impl PostgresqlImpl.
INFO  [alembic.runtime.migration] Context impl PostgresqlImpl.
INFO  [alembic.runtime.migration] Will assume transactional DDL.
INFO  [alembic.runtime.migration] Will assume transactional DDL.
INFO  [alembic.autogenerate.compare] Detected added table 'service_status_history'
INFO  [alembic.autogenerate.compare] Detected added table 'service_status_history'
INFO  [alembic.runtime.migration] Context impl PostgresqlImpl.
INFO  [alembic.runtime.migration] Context impl PostgresqlImpl.
INFO  [alembic.runtime.migration] Will assume transactional DDL.
INFO  [alembic.runtime.migration] Will assume transactional DDL.
INFO  [alembic.runtime.migration] Running upgrade 5640291af76c -> 1ad01fc32c9b, Add service status history
INFO  [alembic.runtime.migration] Running upgrade 5640291af76c -> 1ad01fc32c9b, Add service status history
INFO  [alembic.runtime.migration] Context impl PostgresqlImpl.
INFO  [alembic.runtime.migration] Context impl PostgresqlImpl.
INFO  [alembic.runtime.migration] Will assume transactional DDL.
INFO  [alembic.runtime.migration] Will assume transactional DDL.
ERROR [alembic.util.messaging] Multiple head revisions are present for given argument 'head'; please specify a specific target revision, '<branchname>@head' to narrow to a specific head, or 'heads' for all heads
ERROR [alembic.util.messaging] Multiple head revisions are present for given argument 'head'; please specify a specific target revision, '<branchname>@head' to narrow to a specific head, or 'heads' for all heads
INFO  [alembic.runtime.migration] Context impl PostgresqlImpl.
INFO  [alembic.runtime.migration] Context impl PostgresqlImpl.
INFO  [alembic.runtime.migration] Will assume transactional DDL.
INFO  [alembic.runtime.migration] Will assume transactional DDL.
ERROR [alembic.util.messaging] Could not determine revision id from filename create_service_status_enum.py. Be sure the 'revision' variable is declared inside the script (please see 'Upgrading from Alembic 0.1 to 0.2' in the documentation).
ERROR [alembic.util.messaging] Could not determine revision id from filename create_service_status_enum.py. Be sure the 'revision' variable is declared inside the script (please see 'Upgrading from Alembic 0.1 to 0.2' in the documentation).
INFO  [alembic.runtime.migration] Context impl PostgresqlImpl.
INFO  [alembic.runtime.migration] Context impl PostgresqlImpl.
INFO  [alembic.runtime.migration] Will assume transactional DDL.
INFO  [alembic.runtime.migration] Will assume transactional DDL.
ERROR [alembic.util.messaging] Multiple head revisions are present for given argument 'head'; please specify a specific target revision, '<branchname>@head' to narrow to a specific head, or 'heads' for all heads
ERROR [alembic.util.messaging] Multiple head revisions are present for given argument 'head'; please specify a specific target revision, '<branchname>@head' to narrow to a specific head, or 'heads' for all heads
INFO  [alembic.runtime.migration] Context impl PostgresqlImpl.
INFO  [alembic.runtime.migration] Context impl PostgresqlImpl.
INFO  [alembic.runtime.migration] Will assume transactional DDL.
INFO  [alembic.runtime.migration] Will assume transactional DDL.
ERROR [alembic.util.messaging] Multiple head revisions are present for given argument 'head'; please specify a specific target revision, '<branchname>@head' to narrow to a specific head, or 'heads' for all heads
ERROR [alembic.util.messaging] Multiple head revisions are present for given argument 'head'; please specify a specific target revision, '<branchname>@head' to narrow to a specific head, or 'heads' for all heads
INFO  [alembic.runtime.migration] Context impl PostgresqlImpl.
INFO  [alembic.runtime.migration] Context impl PostgresqlImpl.
INFO  [alembic.runtime.migration] Will assume transactional DDL.
INFO  [alembic.runtime.migration] Will assume transactional DDL.
INFO  [alembic.runtime.migration] Running upgrade  -> xxxx, Initial migration with all tables
INFO  [alembic.runtime.migration] Running upgrade  -> xxxx, Initial migration with all tables
INFO  [alembic.runtime.migration] Context impl PostgresqlImpl.
INFO  [alembic.runtime.migration] Context impl PostgresqlImpl.
INFO  [alembic.runtime.migration] Will assume transactional DDL.
INFO  [alembic.runtime.migration] Will assume transactional DDL.
INFO  [alembic.runtime.migration] Running upgrade xxxx -> create_service_status_enum, create service status enum
INFO  [alembic.runtime.migration] Running upgrade xxxx -> create_service_status_enum, create service status enum
INFO  [alembic.runtime.migration] Context impl PostgresqlImpl.
INFO  [alembic.runtime.migration] Context impl PostgresqlImpl.
INFO  [alembic.runtime.migration] Will assume transactional DDL.
INFO  [alembic.runtime.migration] Will assume transactional DDL.
INFO  [alembic.runtime.migration] Running upgrade  -> xxxx, Initial migration with organizations table
INFO  [alembic.runtime.migration] Running upgrade  -> xxxx, Initial migration with organizations table
INFO  [alembic.runtime.migration] Context impl PostgresqlImpl.
INFO  [alembic.runtime.migration] Context impl PostgresqlImpl.
INFO  [alembic.runtime.migration] Will assume transactional DDL.
INFO  [alembic.runtime.migration] Will assume transactional DDL.
INFO  [alembic.runtime.migration] Running upgrade xxxx -> create_service_status_enum, create service status enum and services tables
INFO  [alembic.runtime.migration] Running upgrade xxxx -> create_service_status_enum, create service status enum and services tables
INFO  [alembic.runtime.migration] Context impl PostgresqlImpl.
INFO  [alembic.runtime.migration] Context impl PostgresqlImpl.
INFO  [alembic.runtime.migration] Will assume transactional DDL.
INFO  [alembic.runtime.migration] Will assume transactional DDL.
INFO  [alembic.runtime.migration] Running upgrade xxxx -> create_service_status_enum, create service status enum and services tables
INFO  [alembic.runtime.migration] Running upgrade xxxx -> create_service_status_enum, create service status enum and services tables
INFO  [alembic.runtime.migration] Context impl PostgresqlImpl.
INFO  [alembic.runtime.migration] Context impl PostgresqlImpl.
INFO  [alembic.runtime.migration] Will assume transactional DDL.
INFO  [alembic.runtime.migration] Will assume transactional DDL.
ERROR [alembic.util.messaging] Could not determine revision id from filename initial_migration.py. Be sure the 'revision' variable is declared inside the script (please see 'Upgrading from Alembic 0.1 to 0.2' in the documentation).
ERROR [alembic.util.messaging] Could not determine revision id from filename initial_migration.py. Be sure the 'revision' variable is declared inside the script (please see 'Upgrading from Alembic 0.1 to 0.2' in the documentation).
INFO  [alembic.runtime.migration] Context impl PostgresqlImpl.
INFO  [alembic.runtime.migration] Context impl PostgresqlImpl.
INFO  [alembic.runtime.migration] Will assume transactional DDL.
INFO  [alembic.runtime.migration] Will assume transactional DDL.
INFO  [alembic.runtime.migration] Running upgrade  -> initial_migration, initial migration
INFO  [alembic.runtime.migration] Running upgrade  -> initial_migration, initial migration
INFO  [alembic.runtime.migration] Context impl PostgresqlImpl.
INFO  [alembic.runtime.migration] Context impl PostgresqlImpl.
INFO  [alembic.runtime.migration] Will assume transactional DDL.
INFO  [alembic.runtime.migration] Will assume transactional DDL.
INFO  [alembic.runtime.migration] Running upgrade  -> initial_migration, initial migration
INFO  [alembic.runtime.migration] Running upgrade  -> initial_migration, initial migration
INFO  [alembic.runtime.migration] Context impl PostgresqlImpl.
INFO  [alembic.runtime.migration] Context impl PostgresqlImpl.
INFO  [alembic.runtime.migration] Will assume transactional DDL.
INFO  [alembic.runtime.migration] Will assume transactional DDL.
INFO  [alembic.runtime.migration] Running upgrade  -> initial_migration, initial migration
INFO  [alembic.runtime.migration] Running upgrade  -> initial_migration, initial migration
INFO  [alembic.runtime.migration] Context impl PostgresqlImpl.
INFO  [alembic.runtime.migration] Context impl PostgresqlImpl.
INFO  [alembic.runtime.migration] Will assume transactional DDL.
INFO  [alembic.runtime.migration] Will assume transactional DDL.
INFO  [alembic.runtime.migration] Running upgrade  -> initial_migration, initial migration
INFO  [alembic.runtime.migration] Running upgrade  -> initial_migration, initial migration
INFO  [alembic.runtime.migration] Context impl PostgresqlImpl.
INFO  [alembic.runtime.migration] Context impl PostgresqlImpl.
INFO  [alembic.runtime.migration] Will assume transactional DDL.
INFO  [alembic.runtime.migration] Will assume transactional DDL.
INFO  [alembic.runtime.migration] Running upgrade  -> initial_migration, initial migration
INFO  [alembic.runtime.migration] Running upgrade  -> initial_migration, initial migration
INFO  [alembic.runtime.migration] Context impl PostgresqlImpl.
INFO  [alembic.runtime.migration] Context impl PostgresqlImpl.
INFO  [alembic.runtime.migration] Will assume transactional DDL.
INFO  [alembic.runtime.migration] Will assume transactional DDL.
INFO  [alembic.runtime.migration] Running upgrade  -> initial_migration, initial migration
INFO  [alembic.runtime.migration] Running upgrade  -> initial_migration, initial migration
